TN:
SF:script/DeployProtocol.s.sol
DA:10,82
FN:10,DeployTokenERC20.runTokenERC20
FNDA:82,DeployTokenERC20.runTokenERC20
DA:11,82
DA:12,82
DA:13,82
DA:18,81
FN:18,DeployStakingContract.runStakingProtocol
FNDA:81,DeployStakingContract.runStakingProtocol
DA:22,81
DA:23,81
DA:24,81
FNF:2
FNH:2
LF:8
LH:8
BRF:0
BRH:0
end_of_record
TN:
SF:script/InteractionsScript.s.sol
DA:11,0
FN:11,StakeStakingContract.tesat
FNDA:0,StakeStakingContract.tesat
FNF:1
FNH:0
LF:1
LH:0
BRF:0
BRH:0
end_of_record
TN:
SF:src/StakingContract.sol
DA:154,81
FN:154,StakingContract.constructor
FNDA:81,StakingContract.constructor
DA:155,81
DA:156,81
DA:176,115
FN:176,StakingContract.stake
FNDA:115,StakingContract.stake
DA:178,113
BRDA:178,0,0,2
DA:180,111
DA:182,111
DA:185,111
BRDA:185,1,0,1
DA:186,1
DA:191,110
BRDA:191,2,0,16
BRDA:191,2,1,94
DA:192,16
DA:194,94
DA:195,94
DA:198,110
DA:200,110
DA:203,110
DA:205,109
DA:207,106
DA:219,46
FN:219,StakingContract.unstake
FNDA:46,StakingContract.unstake
DA:220,45
DA:222,45
BRDA:222,3,0,4
DA:223,41
BRDA:223,4,0,1
DA:226,40
BRDA:226,5,0,1
DA:227,1
DA:230,39
DA:232,39
DA:235,39
DA:237,39
DA:239,39
DA:250,32
FN:250,StakingContract.claimRewards
FNDA:32,StakingContract.claimRewards
DA:251,30
DA:252,30
DA:254,30
BRDA:254,6,0,1
DA:256,29
DA:258,29
DA:260,29
BRDA:260,7,0,1
DA:262,28
DA:264,28
DA:266,28
BRDA:266,8,0,27
BRDA:266,8,1,1
DA:267,27
DA:269,1
DA:272,27
DA:281,19
FN:281,StakingContract.pause
FNDA:19,StakingContract.pause
DA:282,17
DA:290,8
FN:290,StakingContract.unpause
FNDA:8,StakingContract.unpause
DA:291,6
DA:301,8
FN:301,StakingContract.setRewardRate
FNDA:8,StakingContract.setRewardRate
DA:302,7
DA:304,7
BRDA:304,9,0,2
DA:306,5
DA:309,5
DA:311,5
DA:326,94
FN:326,StakingContract._calculateRewards
FNDA:94,StakingContract._calculateRewards
DA:329,94
DA:332,94
BRDA:332,10,0,2
DA:333,2
DA:337,92
DA:339,92
DA:341,92
DA:342,92
DA:344,92
DA:346,92
DA:355,5
FN:355,StakingContract._calculateAllRewards
FNDA:5,StakingContract._calculateAllRewards
DA:356,5
DA:357,10
DA:359,10
BRDA:359,11,0,10
DA:360,10
DA:372,110
FN:372,StakingContract._checkReserves
FNDA:110,StakingContract._checkReserves
DA:373,110
DA:375,110
DA:377,110
BRDA:377,12,0,1
DA:378,1
DA:391,99
FN:391,StakingContract.getStakedBalanceOf
FNDA:99,StakingContract.getStakedBalanceOf
DA:392,99
DA:400,52
FN:400,StakingContract.getStakeTimestamp
FNDA:52,StakingContract.getStakeTimestamp
DA:401,52
DA:409,2
FN:409,StakingContract.getStakersLength
FNDA:2,StakingContract.getStakersLength
DA:410,2
DA:419,27
FN:419,StakingContract.getRewards
FNDA:27,StakingContract.getRewards
DA:420,27
DA:427,2
FN:427,StakingContract.getTotalRewardsAmount
FNDA:2,StakingContract.getTotalRewardsAmount
DA:428,2
FNF:15
FNH:15
LF:82
LH:82
BRF:15
BRH:15
end_of_record
TN:
SF:src/TokenERC20.sol
DA:13,82
FN:13,ScoutToken.constructor
FNDA:82,ScoutToken.constructor
DA:14,82
DA:17,200
FN:17,ScoutToken.mint
FNDA:200,ScoutToken.mint
DA:18,200
FNF:2
FNH:2
LF:4
LH:4
BRF:0
BRH:0
end_of_record
