TN:
SF:script/DeployProtocol.s.sol
DA:10,82
FN:10,DeployTokenERC20.runTokenERC20
FNDA:82,DeployTokenERC20.runTokenERC20
DA:11,82
DA:12,82
DA:13,82
DA:18,81
FN:18,DeployStakingContract.runStakingProtocol
FNDA:81,DeployStakingContract.runStakingProtocol
DA:22,81
DA:23,81
DA:24,81
FNF:2
FNH:2
LF:8
LH:8
BRF:0
BRH:0
end_of_record
TN:
SF:script/InteractionsScript.s.sol
DA:11,0
FN:11,StakeStakingContract.tesat
FNDA:0,StakeStakingContract.tesat
FNF:1
FNH:0
LF:1
LH:0
BRF:0
BRH:0
end_of_record
TN:
SF:src/StakingContract.sol
DA:89,81
FN:89,StakingContract.constructor
FNDA:81,StakingContract.constructor
DA:90,81
DA:91,81
DA:108,115
FN:108,StakingContract.stake
FNDA:115,StakingContract.stake
DA:110,113
BRDA:110,0,0,2
DA:112,111
DA:114,111
DA:117,111
BRDA:117,1,0,1
DA:118,1
DA:123,110
BRDA:123,2,0,16
BRDA:123,2,1,94
DA:124,16
DA:126,94
DA:127,94
DA:130,110
DA:132,110
DA:135,110
DA:137,109
DA:139,106
DA:146,46
FN:146,StakingContract.unstake
FNDA:46,StakingContract.unstake
DA:147,45
DA:149,45
BRDA:149,3,0,4
DA:150,41
BRDA:150,4,0,1
DA:153,40
BRDA:153,5,0,1
DA:154,1
DA:157,39
DA:159,39
DA:162,39
DA:164,39
DA:166,39
DA:173,32
FN:173,StakingContract.claimRewards
FNDA:32,StakingContract.claimRewards
DA:174,30
DA:175,30
DA:177,30
BRDA:177,6,0,1
DA:179,29
DA:181,29
DA:183,29
BRDA:183,7,0,1
DA:185,28
DA:187,28
BRDA:187,8,0,27
BRDA:187,8,1,1
DA:188,27
DA:190,1
DA:193,27
DA:200,19
FN:200,StakingContract.pause
FNDA:19,StakingContract.pause
DA:201,17
DA:204,8
FN:204,StakingContract.unpause
FNDA:8,StakingContract.unpause
DA:205,6
DA:209,8
FN:209,StakingContract.setRewardRate
FNDA:8,StakingContract.setRewardRate
DA:210,7
DA:212,7
BRDA:212,9,0,2
DA:214,5
DA:217,5
DA:219,5
DA:231,94
FN:231,StakingContract._calculateRewards
FNDA:94,StakingContract._calculateRewards
DA:234,94
DA:237,94
BRDA:237,10,0,2
DA:238,2
DA:242,92
DA:244,92
DA:246,92
DA:247,92
DA:249,92
DA:251,92
DA:254,5
FN:254,StakingContract._calculateAllRewards
FNDA:5,StakingContract._calculateAllRewards
DA:255,5
DA:256,10
DA:258,10
BRDA:258,11,0,10
DA:259,10
DA:265,110
FN:265,StakingContract._checkReserves
FNDA:110,StakingContract._checkReserves
DA:266,110
DA:268,110
DA:270,110
BRDA:270,12,0,1
DA:271,1
DA:279,99
FN:279,StakingContract.getStakedBalanceOf
FNDA:99,StakingContract.getStakedBalanceOf
DA:280,99
DA:283,52
FN:283,StakingContract.getStakeTimestamp
FNDA:52,StakingContract.getStakeTimestamp
DA:284,52
DA:287,2
FN:287,StakingContract.getStakersLength
FNDA:2,StakingContract.getStakersLength
DA:288,2
DA:291,27
FN:291,StakingContract.getRewards
FNDA:27,StakingContract.getRewards
DA:292,27
DA:295,1
FN:295,StakingContract.getTotalRewardsAmount
FNDA:1,StakingContract.getTotalRewardsAmount
DA:296,1
FNF:15
FNH:15
LF:81
LH:81
BRF:15
BRH:15
end_of_record
TN:
SF:src/TokenERC20.sol
DA:13,82
FN:13,ScoutToken.constructor
FNDA:82,ScoutToken.constructor
DA:14,82
DA:17,200
FN:17,ScoutToken.mint
FNDA:200,ScoutToken.mint
DA:18,200
FNF:2
FNH:2
LF:4
LH:4
BRF:0
BRH:0
end_of_record
